<?xml version="1.0" encoding="UTF-8"?>
<!-- Generated by org.testng.reporters.JUnitReportReporter -->
<testsuite hostname="meem" failures="0" tests="2" name="setup.RunnerFile1" time="0.069" errors="0" timestamp="2022-12-04T17:12:37 EST" skipped="2">
  <testcase classname="setup.RunnerFile1" name="runScenario" time="0.005">
    <skipped/>
  </testcase> <!-- runScenario -->
  <testcase classname="setup.RunnerFile1" name="runScenario" time="0.064">
    <skipped/>
  </testcase> <!-- runScenario -->
</testsuite> <!-- setup.RunnerFile1 -->
