<?xml version="1.0" encoding="UTF-8"?>
<!-- Generated by org.testng.reporters.JUnitReportReporter -->
<testsuite hostname="meem" failures="0" tests="1" name="setup.RunnerFile2" time="7.276" errors="0" timestamp="2022-12-04T17:18:01 EST" skipped="0">
  <testcase classname="setup.RunnerFile2" name="runScenario" time="7.276"/>
</testsuite> <!-- setup.RunnerFile2 -->
