<?xml version="1.0" encoding="UTF-8"?>
<!-- Generated by org.testng.reporters.JUnitReportReporter -->
<testsuite hostname="meem" failures="0" tests="1" name="setup.RunnerFile" time="9.100" errors="0" timestamp="2022-12-04T17:14:41 EST" skipped="0">
  <testcase classname="setup.RunnerFile" name="runScenario" time="9.100"/>
</testsuite> <!-- setup.RunnerFile -->
