<?xml version="1.0" encoding="UTF-8"?>
<!-- Generated by org.testng.reporters.JUnitReportReporter -->
<testsuite hostname="meem" failures="0" tests="3" name="collection_Selenium.DP_TestCase_for_HashMap" time="26.972" errors="0" timestamp="2022-12-05T08:17:38 EST" skipped="0">
  <testcase classname="collection_Selenium.DP_TestCase_for_HashMap" name="CreatLead" time="8.546"/>
  <testcase classname="collection_Selenium.DP_TestCase_for_HashMap" name="CreatLead" time="9.849"/>
  <testcase classname="collection_Selenium.DP_TestCase_for_HashMap" name="CreatLead" time="8.577"/>
</testsuite> <!-- collection_Selenium.DP_TestCase_for_HashMap -->
