<?xml version="1.0" encoding="UTF-8"?>
<!-- Generated by org.testng.reporters.JUnitReportReporter -->
<testsuite hostname="meem" failures="0" tests="1" name="interface_selenium.TestCase" time="8.133" errors="0" timestamp="2022-12-08T01:06:16 EST" skipped="0">
  <testcase classname="interface_selenium.TestCase" name="testcase" time="8.133"/>
</testsuite> <!-- interface_selenium.TestCase -->
