<?xml version="1.0" encoding="UTF-8"?>
<!-- Generated by org.testng.reporters.JUnitReportReporter -->
<testsuite hostname="meem" failures="0" tests="1" name="setup.RunnerFile" time="7.351" errors="0" timestamp="2022-12-13T08:01:16 EST" skipped="0">
  <testcase classname="setup.RunnerFile" name="runScenario" time="7.351"/>
</testsuite> <!-- setup.RunnerFile -->
