<?xml version="1.0" encoding="UTF-8"?>
<!-- Generated by org.testng.reporters.JUnitReportReporter -->
<testsuite hostname="meem" failures="0" tests="2" name="testNGPapametersWithExcel.TestCase" time="50.223" errors="0" timestamp="2022-12-08T01:03:23 EST" skipped="0">
  <testcase classname="testNGPapametersWithExcel.TestCase" name="CreatLead" time="25.133"/>
  <testcase classname="testNGPapametersWithExcel.TestCase" name="CreatLead" time="25.090"/>
</testsuite> <!-- testNGPapametersWithExcel.TestCase -->
