<?xml version="1.0" encoding="UTF-8"?>
<!-- Generated by org.testng.reporters.JUnitReportReporter -->
<testsuite hostname="meem" failures="0" tests="3" name="interface_selenium_withExcel.TestCase" time="35.679" errors="0" timestamp="2022-12-08T09:28:02 EST" skipped="0">
  <testcase classname="interface_selenium_withExcel.TestCase" name="creatlead" time="11.682"/>
  <testcase classname="interface_selenium_withExcel.TestCase" name="creatlead" time="12.158"/>
  <testcase classname="interface_selenium_withExcel.TestCase" name="creatlead" time="11.839"/>
</testsuite> <!-- interface_selenium_withExcel.TestCase -->
