<?xml version="1.0" encoding="UTF-8"?>
<!-- Generated by org.testng.reporters.JUnitReportReporter -->
<testsuite hostname="meem" failures="0" tests="1" name="setup.RunnerFile" time="8.051" errors="0" timestamp="2022-12-06T16:07:02 EST" skipped="0">
  <testcase classname="setup.RunnerFile" name="runScenario" time="8.051"/>
</testsuite> <!-- setup.RunnerFile -->
