<?xml version="1.0" encoding="UTF-8"?>
<!-- Generated by org.testng.reporters.JUnitReportReporter -->
<testsuite hostname="meem" failures="0" tests="1" name="frame_iframe.With_findElement" time="2.135" errors="0" timestamp="2022-12-04T19:52:08 EST" skipped="0">
  <testcase classname="frame_iframe.With_findElement" name="frame" time="2.135"/>
</testsuite> <!-- frame_iframe.With_findElement -->
