<?xml version="1.0" encoding="UTF-8"?>
<!-- Generated by org.testng.reporters.JUnitReportReporter -->
<testsuite hostname="meem" failures="0" tests="1" name="parallal_Selenium.CreateLead" time="35.468" errors="0" timestamp="2022-12-12T11:07:04 EST" skipped="0">
  <testcase classname="parallal_Selenium.CreateLead" name="creatLead" time="35.468"/>
</testsuite> <!-- parallal_Selenium.CreateLead -->
