<?xml version="1.0" encoding="UTF-8"?>
<!-- Generated by org.testng.reporters.JUnitReportReporter -->
<testsuite hostname="meem" failures="0" tests="1" name="constructor_framework.Runner" time="4.079" errors="0" timestamp="2022-12-12T01:07:50 EST" skipped="0">
  <testcase classname="constructor_framework.Runner" name="leafTapsTestCase" time="4.079"/>
</testsuite> <!-- constructor_framework.Runner -->
