<?xml version="1.0" encoding="UTF-8"?>
<!-- Generated by org.testng.reporters.JUnitReportReporter -->
<testsuite hostname="meem" failures="0" tests="1" name="framework_Constructor.Runner" time="28.040" errors="0" timestamp="2022-12-12T02:36:38 EST" skipped="0">
  <testcase classname="framework_Constructor.Runner" name="leafTapsTestCase" time="28.040"/>
</testsuite> <!-- framework_Constructor.Runner -->
